<?xml version="1.0" encoding="UTF-8"?>
<testng-results ignored="0" total="1" passed="1" failed="0" skipped="0">
  <reporter-output>
  </reporter-output>
  <suite started-at="2021-10-21T04:24:50 BST" name="Default suite" finished-at="2021-10-21T04:25:07 BST" duration-ms="17588">
    <groups>
      <group name="Cucumber">
        <method signature="TestRunner.scenario(io.cucumber.testng.PickleWrapper,io.cucumber.testng.FeatureWrapper)[pri:0, instance:TestRunner@35cabb2a]" name="scenario" class="TestRunner"/>
      </group> <!-- Cucumber -->
    </groups>
    <test started-at="2021-10-21T04:24:50 BST" name="Default test" finished-at="2021-10-21T04:25:07 BST" duration-ms="17588">
      <class name="TestRunner">
        <test-method is-config="true" signature="init()[pri:0, instance:TestRunner@35cabb2a]" started-at="2021-10-21T04:24:49 BST" name="init" finished-at="2021-10-21T04:24:50 BST" duration-ms="7" status="PASS">
          <reporter-output>
          </reporter-output>
        </test-method> <!-- init -->
        <test-method is-config="true" signature="setupClass()[pri:0, instance:TestRunner@35cabb2a]" started-at="2021-10-21T04:24:50 BST" name="setupClass" finished-at="2021-10-21T04:24:50 BST" duration-ms="496" status="PASS">
          <reporter-output>
          </reporter-output>
        </test-method> <!-- setupClass -->
        <test-method is-config="true" signature="setupClass(org.testng.ITestContext)[pri:0, instance:TestRunner@35cabb2a]" started-at="2021-10-21T04:24:50 BST" name="setupClass" finished-at="2021-10-21T04:24:50 BST" duration-ms="5" status="PASS">
          <params>
            <param index="0">
              <value>
                <![CDATA[org.testng.TestRunner@4b200971]]>
              </value>
            </param>
          </params>
          <reporter-output>
          </reporter-output>
        </test-method> <!-- setupClass -->
        <test-method signature="scenario(io.cucumber.testng.PickleWrapper,io.cucumber.testng.FeatureWrapper)[pri:0, instance:TestRunner@35cabb2a]" started-at="2021-10-21T04:24:50 BST" name="scenario" description="Runs Cucumber Feature" data-provider="scenarios" finished-at="2021-10-21T04:25:07 BST" duration-ms="16879" status="PASS">
          <params>
            <param index="0">
              <value>
                <![CDATA["Online Assessment"]]>
              </value>
            </param>
            <param index="1">
              <value>
                <![CDATA["Optional[Assessment]"]]>
              </value>
            </param>
          </params>
          <reporter-output>
          </reporter-output>
        </test-method> <!-- scenario -->
        <test-method is-config="true" signature="tearDownClass()[pri:0, instance:TestRunner@35cabb2a]" started-at="2021-10-21T04:25:07 BST" name="tearDownClass" finished-at="2021-10-21T04:25:07 BST" duration-ms="177" status="PASS">
          <reporter-output>
          </reporter-output>
        </test-method> <!-- tearDownClass -->
      </class> <!-- TestRunner -->
    </test> <!-- Default test -->
  </suite> <!-- Default suite -->
</testng-results>
